sin_modificar/VeriBOX_V5_300_Gilbarco/app/build/outputs/logs/manifest-merger-debug-report.txt
-- Merging decision tree log ---
manifest
ADDED from src/main/AndroidManifest.xml:2:1-146:12
INJECTED from src/main/AndroidManifest.xml:2:1-146:12
INJECTED from src/main/AndroidManifest.xml:2:1-146:12
INJECTED from src/main/AndroidManifest.xml:2:1-146:12
MERGED from [com.android.support:appcompat-v7:21.0.3] AndroidManifest.xml:14:4-17:12
MERGED from [com.android.support.constraint:constraint-layout:1.1.3] AndroidManifest.xml:2:1-11:12
MERGED from [com.google.android.gms:play-services-vision:16.2.0] AndroidManifest.xml:2:1-9:12
MERGED from [com.google.android.gms:play-services-vision-common:16.2.0] AndroidManifest.xml:2:1-9:12
MERGED from [com.google.android.gms:play-services-clearcut:16.0.0] AndroidManifest.xml:17:1-24:12
MERGED from [com.google.android.gms:play-services-flags:16.0.1] AndroidManifest.xml:17:1-22:12
MERGED from [com.google.android.gms:play-services-phenotype:16.0.0] AndroidManifest.xml:17:1-24:12
MERGED from [com.google.android.gms:play-services-base:16.0.1] AndroidManifest.xml:17:1-29:12
MERGED from [com.google.android.gms:play-services-tasks:16.0.1] AndroidManifest.xml:2:1-9:12
MERGED from [com.google.android.gms:play-services-basement:16.0.1] AndroidManifest.xml:17:1-28:12
MERGED from [com.android.support:support-v4:26.1.0] AndroidManifest.xml:17:1-31:12
MERGED from [com.android.support:support-media-compat:26.1.0] AndroidManifest.xml:17:1-31:12
MERGED from [com.android.support:support-fragment:26.1.0] AndroidManifest.xml:17:1-31:12
MERGED from [com.android.support:support-core-utils:26.1.0] AndroidManifest.xml:17:1-31:12
MERGED from [com.android.support:support-core-ui:26.1.0] AndroidManifest.xml:17:1-31:12
MERGED from [com.android.support:support-compat:26.1.0] AndroidManifest.xml:17:1-31:12
MERGED from [android.arch.lifecycle:runtime:1.0.0] AndroidManifest.xml:17:1-30:12
INJECTED from src/main/AndroidManifest.xml:2:1-146:12
INJECTED from src/main/AndroidManifest.xml:2:1-146:12
INJECTED from src/main/AndroidManifest.xml:2:1-146:12
	package
		ADDED from src/main/AndroidManifest.xml:3:5-30
		INJECTED from src/main/AndroidManifest.xml
		INJECTED from src/main/AndroidManifest.xml
	android:versionName
		ADDED from src/main/AndroidManifest.xml:5:5-32
		INJECTED from src/main/AndroidManifest.xml
		INJECTED from src/main/AndroidManifest.xml
	xmlns:android
		ADDED from src/main/AndroidManifest.xml:2:11-69
	android:versionCode
		ADDED from src/main/AndroidManifest.xml:4:5-28
		INJECTED from src/main/AndroidManifest.xml
		INJECTED from src/main/AndroidManifest.xml
uses-sdk
ADDED from src/main/AndroidManifest.xml:6:5-7:40
INJECTED from src/main/AndroidManifest.xml:6:5-7:40
MERGED from [com.android.support:appcompat-v7:21.0.3] AndroidManifest.xml:15:5-42
MERGED from [com.android.support:appcompat-v7:21.0.3] AndroidManifest.xml:15:5-42
MERGED from [com.android.support.constraint:constraint-layout:1.1.3] AndroidManifest.xml:5:5-7:41
MERGED from [com.android.support.constraint:constraint-layout:1.1.3] AndroidManifest.xml:5:5-7:41
MERGED from [com.google.android.gms:play-services-vision:16.2.0] AndroidManifest.xml:5:5-44
MERGED from [com.google.android.gms:play-services-vision:16.2.0] AndroidManifest.xml:5:5-44
MERGED from [com.google.android.gms:play-services-vision-common:16.2.0] AndroidManifest.xml:5:5-44
MERGED from [com.google.android.gms:play-services-vision-common:16.2.0] AndroidManifest.xml:5:5-44
MERGED from [com.google.android.gms:play-services-clearcut:16.0.0] AndroidManifest.xml:20:5-44
MERGED from [com.google.android.gms:play-services-clearcut:16.0.0] AndroidManifest.xml:20:5-44
MERGED from [com.google.android.gms:play-services-flags:16.0.1] AndroidManifest.xml:20:5-44
MERGED from [com.google.android.gms:play-services-flags:16.0.1] AndroidManifest.xml:20:5-44
MERGED from [com.google.android.gms:play-services-phenotype:16.0.0] AndroidManifest.xml:20:5-44
MERGED from [com.google.android.gms:play-services-phenotype:16.0.0] AndroidManifest.xml:20:5-44
MERGED from [com.google.android.gms:play-services-base:16.0.1] AndroidManifest.xml:20:5-44
MERGED from [com.google.android.gms:play-services-base:16.0.1] AndroidManifest.xml:20:5-44
MERGED from [com.google.android.gms:play-services-tasks:16.0.1] AndroidManifest.xml:5:5-44
MERGED from [com.google.android.gms:play-services-tasks:16.0.1] AndroidManifest.xml:5:5-44
MERGED from [com.google.android.gms:play-services-basement:16.0.1] AndroidManifest.xml:20:5-44
MERGED from [com.google.android.gms:play-services-basement:16.0.1] AndroidManifest.xml:20:5-44
MERGED from [com.android.support:support-v4:26.1.0] AndroidManifest.xml:21:5-23:54
MERGED from [com.android.support:support-v4:26.1.0] AndroidManifest.xml:21:5-23:54
MERGED from [com.android.support:support-media-compat:26.1.0] AndroidManifest.xml:21:5-23:63
MERGED from [com.android.support:support-media-compat:26.1.0] AndroidManifest.xml:21:5-23:63
MERGED from [com.android.support:support-fragment:26.1.0] AndroidManifest.xml:21:5-23:60
MERGED from [com.android.support:support-fragment:26.1.0] AndroidManifest.xml:21:5-23:60
MERGED from [com.android.support:support-core-utils:26.1.0] AndroidManifest.xml:21:5-23:61
MERGED from [com.android.support:support-core-utils:26.1.0] AndroidManifest.xml:21:5-23:61
MERGED from [com.android.support:support-core-ui:26.1.0] AndroidManifest.xml:21:5-23:58
MERGED from [com.android.support:support-core-ui:26.1.0] AndroidManifest.xml:21:5-23:58
MERGED from [com.android.support:support-compat:26.1.0] AndroidManifest.xml:21:5-23:58
MERGED from [com.android.support:support-compat:26.1.0] AndroidManifest.xml:21:5-23:58
MERGED from [android.arch.lifecycle:runtime:1.0.0] AndroidManifest.xml:20:5-22:41
MERGED from [android.arch.lifecycle:runtime:1.0.0] AndroidManifest.xml:20:5-22:41
INJECTED from src/main/AndroidManifest.xml:6:5-7:40
	tools:overrideLibrary
		ADDED from [com.android.support:support-v4:26.1.0] AndroidManifest.xml:23:9-51
	android:targetSdkVersion
		ADDED from src/main/AndroidManifest.xml:7:9-37
	android:minSdkVersion
		INJECTED from src/main/AndroidManifest.xml
		ADDED from src/main/AndroidManifest.xml:6:5-7:40
		INJECTED from src/main/AndroidManifest.xml
uses-permission#android.permission.BLUETOOTH
ADDED from src/main/AndroidManifest.xml:9:5-68
	android:name
		ADDED from src/main/AndroidManifest.xml:9:22-65
uses-permission#android.permission.BLUETOOTH_ADMIN
ADDED from src/main/AndroidManifest.xml:10:5-74
	android:name
		ADDED from src/main/AndroidManifest.xml:10:22-71
uses-permission#android.permission.RECORD_AUDIO
ADDED from src/main/AndroidManifest.xml:11:5-71
	android:name
		ADDED from src/main/AndroidManifest.xml:11:22-68
uses-permission#android.permission.ACCESS_COARSE_LOCATION
ADDED from src/main/AndroidManifest.xml:12:5-81
	android:name
		ADDED from src/main/AndroidManifest.xml:12:22-78
uses-permission#android.permission.WRITE_EXTERNAL_STORAGE
ADDED from src/main/AndroidManifest.xml:13:5-81
	android:name
		ADDED from src/main/AndroidManifest.xml:13:22-78
uses-permission#android.permission.INTERNET
ADDED from src/main/AndroidManifest.xml:14:5-67
	android:name
		ADDED from src/main/AndroidManifest.xml:14:22-64
uses-permission#android.permission.ACCESS_NETWORK_STATE
ADDED from src/main/AndroidManifest.xml:15:5-79
	android:name
		ADDED from src/main/AndroidManifest.xml:15:22-76
uses-permission#android.permission.ACCESS_WIFI_STATE
ADDED from src/main/AndroidManifest.xml:16:5-76
	android:name
		ADDED from src/main/AndroidManifest.xml:16:22-73
uses-permission#android.permission.CAMERA
ADDED from src/main/AndroidManifest.xml:17:5-65
	android:name
		ADDED from src/main/AndroidManifest.xml:17:22-62
uses-feature#android.hardware.camera
ADDED from src/main/AndroidManifest.xml:18:5-85
	android:required
		ADDED from src/main/AndroidManifest.xml:18:58-82
	android:name
		ADDED from src/main/AndroidManifest.xml:18:19-57
uses-feature#android.hardware.camera.front
ADDED from src/main/AndroidManifest.xml:19:5-91
	android:required
		ADDED from src/main/AndroidManifest.xml:19:64-88
	android:name
		ADDED from src/main/AndroidManifest.xml:19:19-63
uses-permission#android.permission.FLASHLIGHT
ADDED from src/main/AndroidManifest.xml:20:5-69
	android:name
		ADDED from src/main/AndroidManifest.xml:20:22-66
uses-permission#android.permission.READ_EXTERNAL_STORAGE
ADDED from src/main/AndroidManifest.xml:24:5-80
	android:name
		ADDED from src/main/AndroidManifest.xml:24:22-77
uses-permission#android.permission.READ_PHONE_STATE
ADDED from src/main/AndroidManifest.xml:25:5-75
	android:name
		ADDED from src/main/AndroidManifest.xml:25:22-72
application
ADDED from src/main/AndroidManifest.xml:27:5-144:19
MERGED from [com.android.support:appcompat-v7:21.0.3] AndroidManifest.xml:16:5-19
MERGED from [com.android.support:appcompat-v7:21.0.3] AndroidManifest.xml:16:5-19
MERGED from [com.android.support.constraint:constraint-layout:1.1.3] AndroidManifest.xml:9:5-20
MERGED from [com.android.support.constraint:constraint-layout:1.1.3] AndroidManifest.xml:9:5-20
MERGED from [com.google.android.gms:play-services-vision:16.2.0] AndroidManifest.xml:7:5-20
MERGED from [com.google.android.gms:play-services-vision:16.2.0] AndroidManifest.xml:7:5-20
MERGED from [com.google.android.gms:play-services-vision-common:16.2.0] AndroidManifest.xml:7:5-20
MERGED from [com.google.android.gms:play-services-vision-common:16.2.0] AndroidManifest.xml:7:5-20
MERGED from [com.google.android.gms:play-services-clearcut:16.0.0] AndroidManifest.xml:22:5-20
MERGED from [com.google.android.gms:play-services-clearcut:16.0.0] AndroidManifest.xml:22:5-20
MERGED from [com.google.android.gms:play-services-phenotype:16.0.0] AndroidManifest.xml:22:5-20
MERGED from [com.google.android.gms:play-services-phenotype:16.0.0] AndroidManifest.xml:22:5-20
MERGED from [com.google.android.gms:play-services-base:16.0.1] AndroidManifest.xml:22:5-27:19
MERGED from [com.google.android.gms:play-services-base:16.0.1] AndroidManifest.xml:22:5-27:19
MERGED from [com.google.android.gms:play-services-tasks:16.0.1] AndroidManifest.xml:7:5-20
MERGED from [com.google.android.gms:play-services-tasks:16.0.1] AndroidManifest.xml:7:5-20
MERGED from [com.google.android.gms:play-services-basement:16.0.1] AndroidManifest.xml:22:5-26:19
MERGED from [com.google.android.gms:play-services-basement:16.0.1] AndroidManifest.xml:22:5-26:19
MERGED from [com.android.support:support-v4:26.1.0] AndroidManifest.xml:25:5-29:19
MERGED from [com.android.support:support-v4:26.1.0] AndroidManifest.xml:25:5-29:19
MERGED from [com.android.support:support-media-compat:26.1.0] AndroidManifest.xml:25:5-29:19
MERGED from [com.android.support:support-media-compat:26.1.0] AndroidManifest.xml:25:5-29:19
MERGED from [com.android.support:support-fragment:26.1.0] AndroidManifest.xml:25:5-29:19
MERGED from [com.android.support:support-fragment:26.1.0] AndroidManifest.xml:25:5-29:19
MERGED from [com.android.support:support-core-utils:26.1.0] AndroidManifest.xml:25:5-29:19
MERGED from [com.android.support:support-core-utils:26.1.0] AndroidManifest.xml:25:5-29:19
MERGED from [com.android.support:support-core-ui:26.1.0] AndroidManifest.xml:25:5-29:19
MERGED from [com.android.support:support-core-ui:26.1.0] AndroidManifest.xml:25:5-29:19
MERGED from [com.android.support:support-compat:26.1.0] AndroidManifest.xml:25:5-29:19
MERGED from [com.android.support:support-compat:26.1.0] AndroidManifest.xml:25:5-29:19
MERGED from [android.arch.lifecycle:runtime:1.0.0] AndroidManifest.xml:24:5-28:19
MERGED from [android.arch.lifecycle:runtime:1.0.0] AndroidManifest.xml:24:5-28:19
	android:label
		ADDED from src/main/AndroidManifest.xml:30:9-41
	android:icon
		ADDED from src/main/AndroidManifest.xml:29:9-45
	android:allowBackup
		ADDED from src/main/AndroidManifest.xml:28:9-35
	android:theme
		ADDED from src/main/AndroidManifest.xml:31:9-40
activity#msm.aie.veribox.MainActivity
ADDED from src/main/AndroidManifest.xml:32:9-40:20
	android:name
		ADDED from src/main/AndroidManifest.xml:33:13-41
intent-filter#action:name:android.hardware.usb.action.USB_DEVICE_ATTACHED
ADDED from src/main/AndroidManifest.xml:34:13-36:29
action#android.hardware.usb.action.USB_DEVICE_ATTACHED
ADDED from src/main/AndroidManifest.xml:35:17-90
	android:name
		ADDED from src/main/AndroidManifest.xml:35:25-87
meta-data#android.hardware.usb.action.USB_DEVICE_ATTACHED
ADDED from src/main/AndroidManifest.xml:37:13-39:61
	android:resource
		ADDED from src/main/AndroidManifest.xml:39:17-58
	android:name
		ADDED from src/main/AndroidManifest.xml:38:17-79
receiver#msm.aie.veribox.BasicDeviceAdminReceiver
ADDED from src/main/AndroidManifest.xml:42:9-54:20
	android:label
		ADDED from src/main/AndroidManifest.xml:45:13-59
	android:permission
		ADDED from src/main/AndroidManifest.xml:46:13-70
	android:description
		ADDED from src/main/AndroidManifest.xml:44:13-71
	android:name
		ADDED from src/main/AndroidManifest.xml:43:13-53
meta-data#android.app.device_admin
ADDED from src/main/AndroidManifest.xml:47:13-49:56
	android:resource
		ADDED from src/main/AndroidManifest.xml:49:17-53
	android:name
		ADDED from src/main/AndroidManifest.xml:48:17-56
intent-filter#action:name:android.app.action.DEVICE_ADMIN_ENABLED
ADDED from src/main/AndroidManifest.xml:51:13-53:29
action#android.app.action.DEVICE_ADMIN_ENABLED
ADDED from src/main/AndroidManifest.xml:52:17-82
	android:name
		ADDED from src/main/AndroidManifest.xml:52:25-79
activity#msm.aie.veribox.Msj
ADDED from src/main/AndroidManifest.xml:56:9-59:56
	android:screenOrientation
		ADDED from src/main/AndroidManifest.xml:58:13-50
	android:theme
		ADDED from src/main/AndroidManifest.xml:59:13-53
	android:name
		ADDED from src/main/AndroidManifest.xml:57:13-32
activity#msm.aie.veribox.Gerente_clv
ADDED from src/main/AndroidManifest.xml:60:9-62:53
	android:screenOrientation
		ADDED from src/main/AndroidManifest.xml:62:13-50
	android:name
		ADDED from src/main/AndroidManifest.xml:61:13-40
activity#msm.aie.veribox.Gerente
ADDED from src/main/AndroidManifest.xml:63:9-65:53
	android:screenOrientation
		ADDED from src/main/AndroidManifest.xml:65:13-50
	android:name
		ADDED from src/main/AndroidManifest.xml:64:13-36
activity#msm.aie.veribox.Msj_geren
ADDED from src/main/AndroidManifest.xml:66:9-68:53
	android:screenOrientation
		ADDED from src/main/AndroidManifest.xml:68:13-50
	android:name
		ADDED from src/main/AndroidManifest.xml:67:13-38
activity#msm.aie.veribox.Configura
ADDED from src/main/AndroidManifest.xml:69:9-71:53
	android:screenOrientation
		ADDED from src/main/AndroidManifest.xml:71:13-50
	android:name
		ADDED from src/main/AndroidManifest.xml:70:13-38
activity#msm.aie.veribox.Configura_clv
ADDED from src/main/AndroidManifest.xml:72:9-74:53
	android:screenOrientation
		ADDED from src/main/AndroidManifest.xml:74:13-50
	android:name
		ADDED from src/main/AndroidManifest.xml:73:13-42
activity#msm.aie.veribox.User_edit
ADDED from src/main/AndroidManifest.xml:75:9-77:53
	android:screenOrientation
		ADDED from src/main/AndroidManifest.xml:77:13-50
	android:name
		ADDED from src/main/AndroidManifest.xml:76:13-38
activity#msm.aie.veribox.User_pass
ADDED from src/main/AndroidManifest.xml:78:9-81:56
	android:screenOrientation
		ADDED from src/main/AndroidManifest.xml:80:13-50
	android:theme
		ADDED from src/main/AndroidManifest.xml:81:13-53
	android:name
		ADDED from src/main/AndroidManifest.xml:79:13-38
activity#msm.aie.veribox.Configura_pos_lector
ADDED from src/main/AndroidManifest.xml:82:9-84:53
	android:screenOrientation
		ADDED from src/main/AndroidManifest.xml:84:13-50
	android:name
		ADDED from src/main/AndroidManifest.xml:83:13-49
activity#msm.aie.veribox.Lectores
ADDED from src/main/AndroidManifest.xml:85:9-87:53
	android:screenOrientation
		ADDED from src/main/AndroidManifest.xml:87:13-50
	android:name
		ADDED from src/main/AndroidManifest.xml:86:13-37
activity#msm.aie.veribox.Flotilla1
ADDED from src/main/AndroidManifest.xml:88:9-90:53
	android:screenOrientation
		ADDED from src/main/AndroidManifest.xml:90:13-50
	android:name
		ADDED from src/main/AndroidManifest.xml:89:13-38
activity#msm.aie.veribox.Flotilla2
ADDED from src/main/AndroidManifest.xml:91:9-93:53
	android:screenOrientation
		ADDED from src/main/AndroidManifest.xml:93:13-50
	android:name
		ADDED from src/main/AndroidManifest.xml:92:13-38
activity#msm.aie.veribox.Flotilla2_cn
ADDED from src/main/AndroidManifest.xml:94:9-96:53
	android:screenOrientation
		ADDED from src/main/AndroidManifest.xml:96:13-50
	android:name
		ADDED from src/main/AndroidManifest.xml:95:13-41
activity#msm.aie.veribox.Flotilla4
ADDED from src/main/AndroidManifest.xml:97:9-99:53
	android:screenOrientation
		ADDED from src/main/AndroidManifest.xml:99:13-50
	android:name
		ADDED from src/main/AndroidManifest.xml:98:13-38
activity#msm.aie.veribox.Msj_esp
ADDED from src/main/AndroidManifest.xml:100:9-103:56
	android:screenOrientation
		ADDED from src/main/AndroidManifest.xml:102:13-50
	android:theme
		ADDED from src/main/AndroidManifest.xml:103:13-53
	android:name
		ADDED from src/main/AndroidManifest.xml:101:13-36
activity#msm.aie.veribox.Flotilla_rein
ADDED from src/main/AndroidManifest.xml:104:9-107:56
	android:screenOrientation
		ADDED from src/main/AndroidManifest.xml:106:13-50
	android:theme
		ADDED from src/main/AndroidManifest.xml:107:13-53
	android:name
		ADDED from src/main/AndroidManifest.xml:105:13-42
activity#msm.aie.veribox.Tienda
ADDED from src/main/AndroidManifest.xml:108:9-111:63
	android:screenOrientation
		ADDED from src/main/AndroidManifest.xml:110:13-50
	android:windowSoftInputMode
		ADDED from src/main/AndroidManifest.xml:111:13-60
	android:name
		ADDED from src/main/AndroidManifest.xml:109:13-35
activity#msm.aie.veribox.Fac_rapida
ADDED from src/main/AndroidManifest.xml:112:9-114:53
	android:screenOrientation
		ADDED from src/main/AndroidManifest.xml:114:13-50
	android:name
		ADDED from src/main/AndroidManifest.xml:113:13-39
activity#msm.aie.veribox.Fac_rapida1
ADDED from src/main/AndroidManifest.xml:115:9-117:53
	android:screenOrientation
		ADDED from src/main/AndroidManifest.xml:117:13-50
	android:name
		ADDED from src/main/AndroidManifest.xml:116:13-40
activity#msm.aie.veribox.Fac_rapida1_msj
ADDED from src/main/AndroidManifest.xml:118:9-121:56
	android:screenOrientation
		ADDED from src/main/AndroidManifest.xml:120:13-50
	android:theme
		ADDED from src/main/AndroidManifest.xml:121:13-53
	android:name
		ADDED from src/main/AndroidManifest.xml:119:13-44
activity#msm.aie.veribox.Metodo_pago
ADDED from src/main/AndroidManifest.xml:122:9-124:53
	android:screenOrientation
		ADDED from src/main/AndroidManifest.xml:124:13-50
	android:name
		ADDED from src/main/AndroidManifest.xml:123:13-40
activity#msm.aie.veribox.Main_ticket
ADDED from src/main/AndroidManifest.xml:125:9-127:53
	android:screenOrientation
		ADDED from src/main/AndroidManifest.xml:127:13-50
	android:name
		ADDED from src/main/AndroidManifest.xml:126:13-40
activity#msm.aie.veribox.MainGilbarco
ADDED from src/main/AndroidManifest.xml:129:9-135:20
	android:label
		ADDED from src/main/AndroidManifest.xml:130:13-45
	android:name
		ADDED from src/main/AndroidManifest.xml:129:19-47
intent-filter#action:name:android.intent.action.MAIN+category:name:android.intent.category.LAUNCHER
ADDED from src/main/AndroidManifest.xml:131:13-134:29
action#android.intent.action.MAIN
ADDED from src/main/AndroidManifest.xml:132:17-69
	android:name
		ADDED from src/main/AndroidManifest.xml:132:25-66
category#android.intent.category.LAUNCHER
ADDED from src/main/AndroidManifest.xml:133:17-77
	android:name
		ADDED from src/main/AndroidManifest.xml:133:27-74
activity#msm.aie.veribox.LeeQR
ADDED from src/main/AndroidManifest.xml:136:9-143:63
	android:screenOrientation
		ADDED from src/main/AndroidManifest.xml:140:13-50
	android:clearTaskOnLaunch
		ADDED from src/main/AndroidManifest.xml:138:13-45
	android:stateNotNeeded
		ADDED from src/main/AndroidManifest.xml:141:13-42
	android:windowSoftInputMode
		ADDED from src/main/AndroidManifest.xml:143:13-60
	android:configChanges
		ADDED from src/main/AndroidManifest.xml:139:13-63
	android:theme
		ADDED from src/main/AndroidManifest.xml:142:13-71
	android:name
		ADDED from src/main/AndroidManifest.xml:137:13-34
activity#com.google.android.gms.common.api.GoogleApiActivity
ADDED from [com.google.android.gms:play-services-base:16.0.1] AndroidManifest.xml:23:9-26:75
	android:exported
		ADDED from [com.google.android.gms:play-services-base:16.0.1] AndroidManifest.xml:25:13-37
	android:theme
		ADDED from [com.google.android.gms:play-services-base:16.0.1] AndroidManifest.xml:26:13-72
	android:name
		ADDED from [com.google.android.gms:play-services-base:16.0.1] AndroidManifest.xml:24:13-79
meta-data#com.google.android.gms.version
ADDED from [com.google.android.gms:play-services-basement:16.0.1] AndroidManifest.xml:23:9-25:69
	android:value
		ADDED from [com.google.android.gms:play-services-basement:16.0.1] AndroidManifest.xml:25:13-66
	android:name
		ADDED from [com.google.android.gms:play-services-basement:16.0.1] AndroidManifest.xml:24:13-58
meta-data#android.support.VERSION
ADDED from [com.android.support:support-v4:26.1.0] AndroidManifest.xml:26:9-28:38
MERGED from [com.android.support:support-media-compat:26.1.0] AndroidManifest.xml:26:9-28:38
MERGED from [com.android.support:support-media-compat:26.1.0] AndroidManifest.xml:26:9-28:38
MERGED from [com.android.support:support-fragment:26.1.0] AndroidManifest.xml:26:9-28:38
MERGED from [com.android.support:support-fragment:26.1.0] AndroidManifest.xml:26:9-28:38
MERGED from [com.android.support:support-core-utils:26.1.0] AndroidManifest.xml:26:9-28:38
MERGED from [com.android.support:support-core-utils:26.1.0] AndroidManifest.xml:26:9-28:38
MERGED from [com.android.support:support-core-ui:26.1.0] AndroidManifest.xml:26:9-28:38
MERGED from [com.android.support:support-core-ui:26.1.0] AndroidManifest.xml:26:9-28:38
MERGED from [com.android.support:support-compat:26.1.0] AndroidManifest.xml:26:9-28:38
MERGED from [com.android.support:support-compat:26.1.0] AndroidManifest.xml:26:9-28:38
	android:value
		ADDED from [com.android.support:support-v4:26.1.0] AndroidManifest.xml:28:13-35
	android:name
		ADDED from [com.android.support:support-v4:26.1.0] AndroidManifest.xml:27:13-51
meta-data#android.arch.lifecycle.VERSION
ADDED from [android.arch.lifecycle:runtime:1.0.0] AndroidManifest.xml:25:9-27:47
	android:value
		ADDED from [android.arch.lifecycle:runtime:1.0.0] AndroidManifest.xml:27:13-44
	android:name
		ADDED from [android.arch.lifecycle:runtime:1.0.0] AndroidManifest.xml:26:13-58